<?xml version="1.0" encoding="UTF-8"?>
<!-- Generated by org.testng.reporters.JUnitReportReporter -->
<testsuite skipped="0" hostname="L206-SRajendran" name="clickacdamey.mavn.appiumTest" tests="2" failures="0" timestamp="2021-12-12T08:01:17 IST" time="0.005" errors="0">
  <testcase name="test2" time="0.003" classname="clickacdamey.mavn.appiumTest"/>
  <system-out/>
  <testcase name="appiumtest1" time="0.002" classname="clickacdamey.mavn.appiumTest"/>
  <system-out/>
</testsuite> <!-- clickacdamey.mavn.appiumTest -->
