<?xml version="1.0" encoding="UTF-8"?>
<!-- Generated by org.testng.reporters.JUnitReportReporter -->
<testsuite skipped="0" hostname="L206-SRajendran" name="clickacdamey.mavn.seleniumTest" tests="2" failures="0" timestamp="2021-12-26T09:57:05 IST" time="0.001" errors="0">
  <testcase name="test1" time="0.001" classname="clickacdamey.mavn.seleniumTest"/>
  <system-out/>
  <testcase name="test2" time="0.000" classname="clickacdamey.mavn.seleniumTest"/>
  <system-out/>
</testsuite> <!-- clickacdamey.mavn.seleniumTest -->
